<?xml version="1.0" encoding="UTF-8"?>
<!-- Generated by org.testng.reporters.JUnitReportReporter -->
<testsuite skipped="0" hostname="ATMECSINLT-647" name="com.learning.testcases.LoginTest" tests="1" failures="0" timestamp="01 Jan 2021 16:42:13 GMT" time="2.045" errors="0">
  <testcase name="loginTest" time="2.045" classname="com.learning.testcases.LoginTest"/>
</testsuite> <!-- com.learning.testcases.LoginTest -->
