<?xml version="1.0" encoding="UTF-8"?>
<!-- Generated by org.testng.reporters.JUnitReportReporter -->
<testsuite skipped="0" hostname="ATMECSINLT-647" name="com.learning.testcases.CreateAccountTest" tests="1" failures="0" timestamp="01 Jan 2021 16:42:13 GMT" time="12.873" errors="0">
  <testcase name="createAccountTest" time="12.873" classname="com.learning.testcases.CreateAccountTest"/>
</testsuite> <!-- com.learning.testcases.CreateAccountTest -->
